
正在获取选手 Ame 的数据...

API请求参数:
{
  "action": "parse",
  "format": "json",
  "page": "Ame/Results",
  "prop": "text"
}
完整页面内容已保存到 Ame_results.html

找到比赛结果表格

TI参赛情况:
{
  "total_participations": 6,
  "years": [
    "2017",
    "2018",
    "2019",
    "2021",
    "2022",
    "2024"
  ],
  "details": [
    {
      "year": "2017",
      "date": "2017-08-11",
      "place": "4th",
      "team": "",
      "prize": "",
      "is_highlighted": true
    },
    {
      "year": "2018",
      "date": "2018-08-25",
      "place": "2nd",
      "team": "",
      "prize": "",
      "is_highlighted": true
    },
    {
      "year": "2019",
      "date": "2019-08-25",
      "place": "3rd",
      "team": "",
      "prize": "",
      "is_highlighted": true
    },
    {
      "year": "2021",
      "date": "2021-10-17",
      "place": "2nd",
      "team": "",
      "prize": "",
      "is_highlighted": true
    },
    {
      "year": "2022",
      "date": "2022-10-23",
      "place": "5th - 6th",
      "team": "",
      "prize": "",
      "is_highlighted": true
    },
    {
      "year": "2024",
      "date": "2024-09-14",
      "place": "5th - 6th",
      "team": "",
      "prize": "",
      "is_highlighted": true
    }
  ],
  "best_placement": {
    "year": "2021",
    "place": "2nd",
    "prize": ""
  }
}