
正在获取选手 MMY 的数据...

API请求参数:
{
  "action": "parse",
  "format": "json",
  "page": "MMY/Results",
  "prop": "text"
}
完整页面内容已保存到 MMY_results.html

找到比赛结果表格

TI参赛情况:
{
  "total_participations": 6,
  "years": [
    "2011",
    "2012",
    "2013",
    "2014",
    "2015",
    "2016"
  ],
  "details": [
    {
      "year": "2011",
      "date": "2011-08-21",
      "place": "2nd",
      "team": "",
      "prize": "",
      "is_highlighted": true
    },
    {
      "year": "2012",
      "date": "2012-09-01",
      "place": "5th - 6th",
      "team": "",
      "prize": "",
      "is_highlighted": true
    },
    {
      "year": "2013",
      "date": "2013-08-10",
      "place": "5th - 6th",
      "team": "",
      "prize": "",
      "is_highlighted": true
    },
    {
      "year": "2014",
      "date": "2014-07-20",
      "place": "4th",
      "team": "",
      "prize": "",
      "is_highlighted": true
    },
    {
      "year": "2015",
      "date": "2015-08-08",
      "place": "3rd",
      "team": "",
      "prize": "",
      "is_highlighted": true
    },
    {
      "year": "2016",
      "date": "2016-08-09",
      "place": "9th - 12th",
      "team": "",
      "prize": "",
      "is_highlighted": true
    }
  ],
  "best_placement": {
    "year": "2011",
    "place": "2nd",
    "prize": ""
  }
}